MPI starting on 1 processors at Mon Jan  9 00:47:05 2023
Processor Names = worker5051
RunDirectory is /mnt/home/cferrus/files/GeoDesics/LensingN9/Lev_AA/Run_AA/Run
Compiled at worker5611:/mnt/home/cferrus/RTspec
Error checking disabled (to activate add -DDEBUG to CPPFLAGS)
Code Revision d789404c237ca8d7d17c89c5c0a4a6897fd28193 (InitialCommit-31747-gd789404c23)
Linked on Sun Dec 25 00:32:10 EST 2022
Executed GravitationalLensing: ./SpEC

Creating 128 interpolators on 0
Handling dir: /mnt/home/cferrus/ceph/RayTracing/q2-s005-s005-n9/Ev/Lev3_AA/Run
Handling dir: /mnt/home/cferrus/ceph/RayTracing/q2-s005-s005-n9/Ev/Lev3_AB/Run
Handling dir: /mnt/home/cferrus/ceph/RayTracing/q2-s005-s005-n9/Ev/Lev3_AC/Run
Handling dir: /mnt/home/cferrus/ceph/RayTracing/q2-s005-s005-n9/Ev/Lev3_AD/Run
Handling dir: /mnt/home/cferrus/ceph/RayTracing/q2-s005-s005-n9/Ev/Lev3_AE/Run
Handling dir: /mnt/home/cferrus/ceph/RayTracing/q2-s005-s005-n9/Ev/Lev3_AF/Run
Handling dir: /mnt/home/cferrus/ceph/RayTracing/q2-s005-s005-n9/Ev/Lev3_AG/Run
Handling dir: /mnt/home/cferrus/ceph/RayTracing/q2-s005-s005-n9/Ev/Lev3_AH/Run
Handling dir: /mnt/home/cferrus/ceph/RayTracing/q2-s005-s005-n9/Ev/Lev3_AI/Run
Handling dir: /mnt/home/cferrus/ceph/RayTracing/q2-s005-s005-n9/Ev/Lev3_AJ/Run
Handling dir: /mnt/home/cferrus/ceph/RayTracing/q2-s005-s005-n9/Ev/Lev3_AK/Run
Handling dir: /mnt/home/cferrus/ceph/RayTracing/q2-s005-s005-n9/Ev/Lev3_AL/Run
Handling dir: /mnt/home/cferrus/ceph/RayTracing/q2-s005-s005-n9/Ev/Lev3_AM/Run
Handling dir: /mnt/home/cferrus/ceph/RayTracing/q2-s005-s005-n9/Ev/Lev3_AN/Run
Times have not been checked for consistency, doing so now and saving results
HDF5-DIAG: Error detected in HDF5 (1.8.22) thread 0:
  #000: /dev/shm/nix-build-hdf5-1.8.22.drv-1/nixbld1/spack-stage-hdf5-1.8.22-y21dfwf4vgh0nyqpwk1brp3xz87sxpq6/spack-src/src/H5F.c line 518 in H5Fopen(): unable to open file
    major: File accessibility
    minor: Unable to open file
  #001: /dev/shm/nix-build-hdf5-1.8.22.drv-1/nixbld1/spack-stage-hdf5-1.8.22-y21dfwf4vgh0nyqpwk1brp3xz87sxpq6/spack-src/src/H5Fint.c line 940 in H5F_open(): unable to open file: time = Mon Jan  9 00:47:57 2023
, name = '/mnt/home/cferrus/ceph/RayTracing/q2-s005-s005-n9/Ev/Lev3_AM/Run/MetricData/Vars_CylinderEE1.0.0_0.0.0.h5', tent_flags = 0
    major: File accessibility
    minor: Unable to open file
  #002: /dev/shm/nix-build-hdf5-1.8.22.drv-1/nixbld1/spack-stage-hdf5-1.8.22-y21dfwf4vgh0nyqpwk1brp3xz87sxpq6/spack-src/src/H5FD.c line 906 in H5FD_open(): open failed
    major: Virtual File Layer
    minor: Unable to initialize object
  #003: /dev/shm/nix-build-hdf5-1.8.22.drv-1/nixbld1/spack-stage-hdf5-1.8.22-y21dfwf4vgh0nyqpwk1brp3xz87sxpq6/spack-src/src/H5FDsec2.c line 329 in H5FD_sec2_open(): unable to open file: name = '/mnt/home/cferrus/ceph/RayTracing/q2-s005-s005-n9/Ev/Lev3_AM/Run/MetricData/Vars_CylinderEE1.0.0_0.0.0.h5', errno = 2, error message = 'No such file or directory', flags = 0, o_flags = 0
    major: File accessibility
    minor: Unable to open file
[0] 
#######################  REQUIRE  FAILED  #######################
#### file_id>=0  violated
#### DataMeshReaderH5.cpp (line 165)
Cannot open '/mnt/home/cferrus/ceph/RayTracing/q2-s005-s005-n9/Ev/Lev3_AM/Run/MetricData/Vars_CylinderEE1.0.0_0.0.0.h5'
#################################################################

0   SpEC            0x2131e5d  CodeError::CodeError(std::__cxx11::basic_string<char, std::char_traits<char>, std::allocator<char> >, bool) + 93
1   SpEC             0xb45547  0x0 + 11818311
2   SpEC            0x20c7071  DataMeshReaderH5::GetTimeStamps(std::__cxx11::basic_string<char, std::char_traits<char>, std::allocator<char> > const&, std::__cxx11::basic_string<char, std::char_traits<char>, std::allocator<char> > const&) const + 4929
3   SpEC            0x208817e  CachedDataMeshReaderH5::GetTimeStamps(std::__cxx11::basic_string<char, std::char_traits<char>, std::allocator<char> > const&, std::__cxx11::basic_string<char, std::char_traits<char>, std::allocator<char> > const&) const + 14
4   SpEC            0x13c744b  InterpolatorDataReaders::InterpolatorCachedH5Reader::InterpolatorCachedH5Reader(MyVector<std::__cxx11::basic_string<char, std::char_traits<char>, std::allocator<char> > > const&, MyVector<int> const&, MyVector<std::__cxx11::basic_string<char, std::char_traits<char>, std::allocator<char> > > const&, MyVector<std::__cxx11::basic_string<char, std::char_traits<char>, std::allocator<char> > > const&, MyVector<int> const&, MyVector<std::__cxx11::basic_string<char, std::char_traits<char>, std::allocator<char> > > const&, MyVector<std::__cxx11::basic_string<char, std::char_traits<char>, std::allocator<char> > > const&, double, bool, bool, MyVector<std::__cxx11::basic_string<char, std::char_traits<char>, std::allocator<char> > > const&, std::__cxx11::basic_string<char, std::char_traits<char>, std::allocator<char> >, MpiCommunicator const&, std::__cxx11::basic_string<char, std::char_traits<char>, std::allocator<char> > const&, std::__cxx11::basic_string<char, std::char_traits<char>, std::allocator<char> > const&, std::__cxx11::basic_string<char, std::char_traits<char>, std::allocator<char> > const&, std::__cxx11::basic_string<char, std::char_traits<char>, std::allocator<char> > const&, int, int, MyVector<std::__cxx11::basic_string<char, std::char_traits<char>, std::allocator<char> > > const&, MyVector<std::__cxx11::basic_string<char, std::char_traits<char>, std::allocator<char> > > const&, CachedTensorsOverTime&, DataBox&) + 6923
5   SpEC            0x13ca761  InterpolatorDataReaders::InterpolatorCachedH5Reader::Create(std::__cxx11::basic_string<char, std::char_traits<char>, std::allocator<char> > const&, MpiCommunicator const&, CachedTensorsOverTime&, DataBox&) + 2737
6   SpEC            0x142d0f6  PointwiseInterpolator::PointwiseInterpolator(std::__cxx11::basic_string<char, std::char_traits<char>, std::allocator<char> > const&, CachedTensorsOverTime&, MpiCommunicator const&, DataBox&) + 2310
7   SpEC            0x142a3b2  PointwiseInterpolatorContainer::PointwiseInterpolatorContainer(std::__cxx11::basic_string<char, std::char_traits<char>, std::allocator<char> > const&, int, MpiCommunicator const&, bool, std::__cxx11::basic_string<char, std::char_traits<char>, std::allocator<char> > const&) + 626
8   SpEC             0xb5a736  main + 774
9   libc.so.6  0x155550284cf3  __libc_start_main + 243
10  SpEC             0xbbd7de  _start + 46

--------------------------------------------------------------------------
Primary job  terminated normally, but 1 process returned
a non-zero exit code. Per user-direction, the job has been aborted.
--------------------------------------------------------------------------
--------------------------------------------------------------------------
mpirun detected that one or more processes exited with non-zero status, thus causing
the job to be terminated. The first process to do so was:

  Process name: [[19523,1],0]
  Exit code:    255
--------------------------------------------------------------------------
