MPI starting on 1 processors at Wed Jan 11 08:13:34 2023
Processor Names = worker5433
RunDirectory is /mnt/ceph/users/cferrus/STEvolution/GeoDesics/LensingQ3/Lev_AA/Run_AA/Run
Compiled at worker5398:/mnt/home/cferrus/specRT
Error checking active, run will be slow (to deactivate, remove -DDEBUG)
Code Revision 37833940fbece5a96f528c85de43d1eba1fd425a (InitialCommit-32014-g37833940fb)
Linked on Tue Jan 10 22:20:10 EST 2023
Executed GravitationalLensing: ./SpEC

Creating 128 interpolators on 0
Handling dir: /mnt/home/cferrus/ceph/RayTracing/q3-s005-s005-n11/Ev/Lev3_AA/Run
Handling dir: /mnt/home/cferrus/ceph/RayTracing/q3-s005-s005-n11/Ev/Lev3_AB/Run
Handling dir: /mnt/home/cferrus/ceph/RayTracing/q3-s005-s005-n11/Ev/Lev3_AC/Run
Handling dir: /mnt/home/cferrus/ceph/RayTracing/q3-s005-s005-n11/Ev/Lev3_AD/Run
Handling dir: /mnt/home/cferrus/ceph/RayTracing/q3-s005-s005-n11/Ev/Lev3_AE/Run
Handling dir: /mnt/home/cferrus/ceph/RayTracing/q3-s005-s005-n11/Ev/Lev3_AF/Run
Handling dir: /mnt/home/cferrus/ceph/RayTracing/q3-s005-s005-n11/Ev/Lev3_AG/Run
Handling dir: /mnt/home/cferrus/ceph/RayTracing/q3-s005-s005-n11/Ev/Lev3_AH/Run
Handling dir: /mnt/home/cferrus/ceph/RayTracing/q3-s005-s005-n11/Ev/Lev3_AI/Run
Handling dir: /mnt/home/cferrus/ceph/RayTracing/q3-s005-s005-n11/Ev/Lev3_AJ/Run
Handling dir: /mnt/home/cferrus/ceph/RayTracing/q3-s005-s005-n11/Ev/Lev3_AK/Run
Handling dir: /mnt/home/cferrus/ceph/RayTracing/q3-s005-s005-n11/Ev/Lev3_AL/Run
Handling dir: /mnt/home/cferrus/ceph/RayTracing/q3-s005-s005-n11/Ev/Lev3_AM/Run
Handling dir: /mnt/home/cferrus/ceph/RayTracing/q3-s005-s005-n11/Ev/Lev3_AN/Run
Handling dir: /mnt/home/cferrus/ceph/RayTracing/q3-s005-s005-n11/Ev/Lev3_AO/Run
Handling dir: /mnt/home/cferrus/ceph/RayTracing/q3-s005-s005-n11/Ev/Lev3_AP/Run
Handling dir: /mnt/home/cferrus/ceph/RayTracing/q3-s005-s005-n11/Ev/Lev3_AQ/Run
Handling dir: /mnt/home/cferrus/ceph/RayTracing/q3-s005-s005-n11/Ev/Lev3_AR/Run
Handling dir: /mnt/home/cferrus/ceph/RayTracing/q3-s005-s005-n11/Ev/Lev3_AS/Run
Handling dir: /mnt/home/cferrus/ceph/RayTracing/q3-s005-s005-n11/Ev/Lev3_AT/Run
Handling dir: /mnt/home/cferrus/ceph/RayTracing/q3-s005-s005-n11/Ev/Lev3_AU/Run
Handling dir: /mnt/home/cferrus/ceph/RayTracing/q3-s005-s005-n11/Ev/Lev3_AV/Run
Handling dir: /mnt/home/cferrus/ceph/RayTracing/q3-s005-s005-n11/Ev/Lev3_AW/Run
Handling dir: /mnt/home/cferrus/ceph/RayTracing/q3-s005-s005-n11/Ev/Lev3_Ringdown/Lev3_AA/Run
Handling dir: /mnt/home/cferrus/ceph/RayTracing/q3-s005-s005-n11/Ev/Lev3_Ringdown/Lev3_AB/Run
Handling dir: /mnt/home/cferrus/ceph/RayTracing/q3-s005-s005-n11/Ev/Lev3_Ringdown/Lev3_AC/Run
Done creating the interpolators on 0
EvolveGeodesicSystem procs: 128
Number of geodesics: 3690 on MPI rank 0
And so it begins...
To see run progress, check RunProgress.dat
HDF5-DIAG: Error detected in HDF5 (1.8.22) thread 0:
  #000: /dev/shm/nix-build-hdf5-1.8.22.drv-1/nixbld1/spack-stage-hdf5-1.8.22-y21dfwf4vgh0nyqpwk1brp3xz87sxpq6/spack-src/src/H5D.c line 332 in H5Dopen2(): not found
    major: Dataset
    minor: Object not found
  #001: /dev/shm/nix-build-hdf5-1.8.22.drv-1/nixbld1/spack-stage-hdf5-1.8.22-y21dfwf4vgh0nyqpwk1brp3xz87sxpq6/spack-src/src/H5Gloc.c line 401 in H5G_loc_find(): can't find object
    major: Symbol table
    minor: Object not found
  #002: /dev/shm/nix-build-hdf5-1.8.22.drv-1/nixbld1/spack-stage-hdf5-1.8.22-y21dfwf4vgh0nyqpwk1brp3xz87sxpq6/spack-src/src/H5Gtraverse.c line 842 in H5G_traverse(): internal path traversal failed
    major: Symbol table
    minor: Object not found
  #003: /dev/shm/nix-build-hdf5-1.8.22.drv-1/nixbld1/spack-stage-hdf5-1.8.22-y21dfwf4vgh0nyqpwk1brp3xz87sxpq6/spack-src/src/H5Gtraverse.c line 576 in H5G_traverse_real(): can't look up component
    major: Symbol table
    minor: Object not found
  #004: /dev/shm/nix-build-hdf5-1.8.22.drv-1/nixbld1/spack-stage-hdf5-1.8.22-y21dfwf4vgh0nyqpwk1brp3xz87sxpq6/spack-src/src/H5Gobj.c line 1106 in H5G__obj_lookup(): can't check for link info message
    major: Symbol table
    minor: Can't get value
  #005: /dev/shm/nix-build-hdf5-1.8.22.drv-1/nixbld1/spack-stage-hdf5-1.8.22-y21dfwf4vgh0nyqpwk1brp3xz87sxpq6/spack-src/src/H5Gobj.c line 320 in H5G__obj_get_linfo(): unable to open v2 B-tree for name index
    major: Symbol table
    minor: Can't open object
  #006: /dev/shm/nix-build-hdf5-1.8.22.drv-1/nixbld1/spack-stage-hdf5-1.8.22-y21dfwf4vgh0nyqpwk1brp3xz87sxpq6/spack-src/src/H5B2.c line 209 in H5B2_open(): unable to load B-tree header
    major: B-Tree node
    minor: Unable to protect metadata
  #007: /dev/shm/nix-build-hdf5-1.8.22.drv-1/nixbld1/spack-stage-hdf5-1.8.22-y21dfwf4vgh0nyqpwk1brp3xz87sxpq6/spack-src/src/H5AC.c line 1132 in H5AC_protect(): H5C_protect() failed.
    major: Object cache
    minor: Unable to protect metadata
  #008: /dev/shm/nix-build-hdf5-1.8.22.drv-1/nixbld1/spack-stage-hdf5-1.8.22-y21dfwf4vgh0nyqpwk1brp3xz87sxpq6/spack-src/src/H5C.c line 3242 in H5C_protect(): can't load entry
    major: Object cache
    minor: Unable to load metadata into cache
  #009: /dev/shm/nix-build-hdf5-1.8.22.drv-1/nixbld1/spack-stage-hdf5-1.8.22-y21dfwf4vgh0nyqpwk1brp3xz87sxpq6/spack-src/src/H5C.c line 7095 in H5C_load_entry(): unable to load entry
    major: Object cache
    minor: Unable to load metadata into cache
  #010: /dev/shm/nix-build-hdf5-1.8.22.drv-1/nixbld1/spack-stage-hdf5-1.8.22-y21dfwf4vgh0nyqpwk1brp3xz87sxpq6/spack-src/src/H5B2cache.c line 183 in H5B2__cache_hdr_load(): wrong B-tree header signature
    major: B-Tree node
    minor: Bad value
[0] 
#######################  REQUIRE  FAILED  #######################
#### ds_id>=0  violated
#### DataMeshReaderH5.cpp (line 340)
Cannot open component 'tt' for variable 'psi',Step004428, file '/mnt/home/cferrus/ceph/RayTracing/q3-s005-s005-n11/Ev/Lev3_AC/Run/MetricData/Vars_SphereC1.h5'
#################################################################

0   SpEC                  0x28017cd  CodeError::CodeError(std::__cxx11::basic_string<char, std::char_traits<char>, std::allocator<char> >, bool) + 93
1   SpEC                   0xd0c6bd  0x0 + 13682365
2   SpEC                  0x2791e74  DataMeshReaderH5::Read(std::__cxx11::basic_string<char, std::char_traits<char>, std::allocator<char> > const&, int, Tensor<DataMesh>&, std::__cxx11::basic_string<char, std::char_traits<char>, std::allocator<char> > const&, bool) const + 7332
3   SpEC                  0x2749645  CachedDataMeshReaderH5::Read(std::__cxx11::basic_string<char, std::char_traits<char>, std::allocator<char> > const&, int, Tensor<DataMesh>&, std::__cxx11::basic_string<char, std::char_traits<char>, std::allocator<char> > const&, bool) const + 933
4   SpEC                  0x176c292  0x0 + 24560274
5   SpEC                  0x1877143  CachedTensorsOverTime::ObtainTensor(int, int, int, std::function<void (CachedTensorsOverTime::TensorInserter const&)> const&) + 435
6   SpEC                  0x176da8d  InterpolatorDataReaders::InterpolatorCachedH5Reader::GetSequentialTensorsWork(double, MyVector<double> const&, MyVector<MyVector<double> >&, MyVector<std::__cxx11::basic_string<char, std::char_traits<char>, std::allocator<char> > > const&, MyVector<MyVector<Tensor<DataMesh> const*> >&, MyVector<int>&, MyVector<int>&, MyVector<double>&, bool&, bool) + 1613
7   SpEC                  0x176e7f5  InterpolatorDataReaders::InterpolatorCachedH5Reader::GetSequentialTensors(double, MyVector<double> const&, MyVector<MyVector<double> >&, MyVector<std::__cxx11::basic_string<char, std::char_traits<char>, std::allocator<char> > > const&, MyVector<MyVector<Tensor<DataMesh> const*> >&, MyVector<int>&, MyVector<int>&, MyVector<double>&, bool&, bool) + 309
8   SpEC                  0x1816b1f  PointwiseInterpolator::InterpolateTensorsToPoint(MyVector<std::__cxx11::basic_string<char, std::char_traits<char>, std::allocator<char> > > const&, MyVector<double> const&, double, MyVector<Tensor<double> >&) const + 1759
9   SpEC                  0x181846f  PointwiseInterpolator::InterpolateTensorsToPoint(MyVector<std::__cxx11::basic_string<char, std::char_traits<char>, std::allocator<char> > > const&, Tensor<double> const&, double, MyVector<Tensor<double> >&) const + 255
10  SpEC                  0x17fe7dd  ExplicitRhsAlgorithms::BohnNumericalWithLapseP0::ComputeRhs(Vars<double> const&, double const&, Vars<double>&) + 1245
11  SpEC                  0x14b4bc4  OdeSteppers::DormandPrince5<Vars<double> >::Integrate(Vars<double>&, double, double, bool) + 1764
12  SpEC                  0x1578fa8  OdeIntegrators::AdaptiveDense<Vars<double> >::Integrate(Vars<double>&, double, double&, double, double, bool) + 920
13  SpEC                  0x179c9b4  Geodesic::Integrate() + 132
14  SpEC                   0xd961ea  0x0 + 14246378
15  libgomp.so.1     0x15554f94b1e6  0x0 + 23456151548390
16  libpthread.so.0  0x1555512c11cf  0x0 + 23456178246095
17  libc.so.6        0x15554f38cdd3  clone + 67

HDF5: infinite loop closing library
      D,G,A,S,T,G,S,F,S,T,F,FD,P,FD,P,FD,P,E,E,SL,FL,FL,FL,FL,FL,FL,FL,FL,FL,FL,FL,FL,FL,FL,FL,FL,FL,FL,FL,FL,FL,FL,FL,FL,FL,FL,FL,FL,FL,FL,FL,FL,FL,FL,FL,FL,FL,FL,FL,FL,FL,FL,FL,FL,FL,FL,FL,FL,FL,FL,FL,FL,FL,FL,FL,FL,FL,FL,FL,FL,FL,FL,FL,FL,FL,FL,FL,FL,FL,FL,FL,FL,FL,FL,FL,FL,FL,FL,FL,FL,FL,FL,FL,FL,FL,FL,FL,FL,FL,FL
[worker5433:634853:0:635031] Caught signal 11 (Segmentation fault: address not mapped to object at address 0x31)
--------------------------------------------------------------------------
Primary job  terminated normally, but 1 process returned
a non-zero exit code. Per user-direction, the job has been aborted.
--------------------------------------------------------------------------
--------------------------------------------------------------------------
mpirun noticed that process rank 0 with PID 634853 on node worker5433 exited on signal 11 (Segmentation fault).
--------------------------------------------------------------------------
